CRITICAL - 2022-06-13 12:47:34 --> Invalid file: dashboardUser.php
in SYSTEMPATH\Exceptions\FrameworkException.php on line 33.
 1 SYSTEMPATH\View\View.php(201): CodeIgniter\Exceptions\FrameworkException::forInvalidFile('dashboardUser.php')
 2 SYSTEMPATH\Common.php(1135): CodeIgniter\View\View->render('dashboardUser', [], true)
 3 APPPATH\Controllers\DashboardUser.php(9): view('dashboardUser')
 4 SYSTEMPATH\CodeIgniter.php(898): App\Controllers\DashboardUser->index()
 5 SYSTEMPATH\CodeIgniter.php(468): CodeIgniter\CodeIgniter->runController(Object(App\Controllers\DashboardUser))
 6 SYSTEMPATH\CodeIgniter.php(351): CodeIgniter\CodeIgniter->handleRequest(null, Object(Config\Cache), false)
 7 FCPATH\index.php(55): CodeIgniter\CodeIgniter->run()
 8 SYSTEMPATH\Commands\Server\rewrite.php(43): require_once('FCPATH\\index.php')
CRITICAL - 2022-06-13 12:48:04 --> Invalid file: dashboardUser.php
in SYSTEMPATH\Exceptions\FrameworkException.php on line 33.
 1 SYSTEMPATH\View\View.php(201): CodeIgniter\Exceptions\FrameworkException::forInvalidFile('dashboardUser.php')
 2 SYSTEMPATH\Common.php(1135): CodeIgniter\View\View->render('dashboardUser', [], true)
 3 APPPATH\Controllers\DashboardUser.php(9): view('dashboardUser')
 4 SYSTEMPATH\CodeIgniter.php(898): App\Controllers\DashboardUser->index()
 5 SYSTEMPATH\CodeIgniter.php(468): CodeIgniter\CodeIgniter->runController(Object(App\Controllers\DashboardUser))
 6 SYSTEMPATH\CodeIgniter.php(351): CodeIgniter\CodeIgniter->handleRequest(null, Object(Config\Cache), false)
 7 FCPATH\index.php(55): CodeIgniter\CodeIgniter->run()
 8 SYSTEMPATH\Commands\Server\rewrite.php(43): require_once('FCPATH\\index.php')
CRITICAL - 2022-06-13 12:48:11 --> Invalid file: dashboardUser.php
in SYSTEMPATH\Exceptions\FrameworkException.php on line 33.
 1 SYSTEMPATH\View\View.php(201): CodeIgniter\Exceptions\FrameworkException::forInvalidFile('dashboardUser.php')
 2 SYSTEMPATH\Common.php(1135): CodeIgniter\View\View->render('dashboardUser', [], true)
 3 APPPATH\Controllers\DashboardUser.php(9): view('dashboardUser')
 4 SYSTEMPATH\CodeIgniter.php(898): App\Controllers\DashboardUser->index()
 5 SYSTEMPATH\CodeIgniter.php(468): CodeIgniter\CodeIgniter->runController(Object(App\Controllers\DashboardUser))
 6 SYSTEMPATH\CodeIgniter.php(351): CodeIgniter\CodeIgniter->handleRequest(null, Object(Config\Cache), false)
 7 FCPATH\index.php(55): CodeIgniter\CodeIgniter->run()
 8 SYSTEMPATH\Commands\Server\rewrite.php(43): require_once('FCPATH\\index.php')
